app/build/intermediates/manifest_merge_blame_file/debug/manifest-merger-blame-debug-report.txt
1<?xml version="1.0" encoding="utf-8"?>
2<manifest xmlns:android="http://schemas.android.com/apk/res/android"
3    package="com.qrcode"
4    android:versionCode="1"
5    android:versionName="1.0" >
6
7    <uses-sdk
7-->src\main\AndroidManifest.xml:8:5-43
8        android:minSdkVersion="19"
8-->src\main\AndroidManifest.xml:8:15-40
9        android:targetSdkVersion="29" />
9-->src\main\AndroidManifest.xml:8:5-43
10
11    <uses-permission android:name="android.permission.VIBRATE" /> <!-- 震动权限 -->
11-->src\main\AndroidManifest.xml:10:5-66
11-->src\main\AndroidManifest.xml:10:22-63
12    <uses-permission android:name="android.permission.CAMERA" />
12-->src\main\AndroidManifest.xml:11:5-65
12-->src\main\AndroidManifest.xml:11:22-62
13
14    <uses-feature android:name="android.hardware.camera" /> <!-- 使用照相机权限 -->
14-->src\main\AndroidManifest.xml:13:5-60
14-->src\main\AndroidManifest.xml:13:19-57
15    <uses-feature android:name="android.hardware.camera.autofocus" />
15-->src\main\AndroidManifest.xml:14:5-70
15-->src\main\AndroidManifest.xml:14:19-67
16
17    <application
17-->src\main\AndroidManifest.xml:16:5-49:19
18        android:appComponentFactory="android.support.v4.app.CoreComponentFactory"
18-->[com.android.support:support-compat:28.0.0] AndroidManifest.xml:22:18-91
19        android:debuggable="true"
20        android:icon="@drawable/icon"
20-->src\main\AndroidManifest.xml:17:9-38
21        android:label="@string/app_name"
21-->src\main\AndroidManifest.xml:18:9-41
22        android:testOnly="true" >
23        <activity
23-->src\main\AndroidManifest.xml:19:9-22:71
24            android:name="com.qrcode.RecordActivity"
24-->src\main\AndroidManifest.xml:20:13-43
25            android:exported="true"
25-->src\main\AndroidManifest.xml:21:13-36
26            android:theme="@style/Theme.AppCompat.Light.NoActionBar" />
26-->src\main\AndroidManifest.xml:22:13-69
27        <activity
27-->src\main\AndroidManifest.xml:23:9-26:72
28            android:name="com.qrcode.RegisterActivity"
28-->src\main\AndroidManifest.xml:24:13-45
29            android:exported="true"
29-->src\main\AndroidManifest.xml:25:13-36
30            android:theme="@style/Theme.AppCompat.Light.NoActionBar" />
30-->src\main\AndroidManifest.xml:26:13-69
31        <activity
31-->src\main\AndroidManifest.xml:27:9-29:39
32            android:name="com.qrcode.MainActivity"
32-->src\main\AndroidManifest.xml:28:13-41
33            android:exported="true" /> <!-- <activity -->
33-->src\main\AndroidManifest.xml:29:13-36
34        <!-- android:name="com.MainActivity" -->
35        <!-- android:exported="true" /> -->
36        <activity
36-->src\main\AndroidManifest.xml:32:9-41:20
37            android:name="com.qrcode.MainActivity1"
37-->src\main\AndroidManifest.xml:33:13-42
38            android:label="@string/app_name"
38-->src\main\AndroidManifest.xml:34:13-45
39            android:theme="@style/Theme.AppCompat.Light.NoActionBar" >
39-->src\main\AndroidManifest.xml:35:13-69
40            <intent-filter>
40-->src\main\AndroidManifest.xml:36:13-40:29
41                <action android:name="android.intent.action.MAIN" />
41-->src\main\AndroidManifest.xml:37:17-69
41-->src\main\AndroidManifest.xml:37:25-66
42
43                <category android:name="android.intent.category.LAUNCHER" />
43-->src\main\AndroidManifest.xml:39:17-77
43-->src\main\AndroidManifest.xml:39:27-74
44            </intent-filter>
45        </activity> <!-- 隐藏键盘 -->
46        <!-- 全屏 -->
47        <activity
47-->src\main\AndroidManifest.xml:43:9-48:63
48            android:name="com.zxing.activity.CaptureActivity"
48-->src\main\AndroidManifest.xml:44:13-62
49            android:configChanges="orientation|keyboardHidden"
49-->src\main\AndroidManifest.xml:45:13-63
50            android:screenOrientation="portrait"
50-->src\main\AndroidManifest.xml:46:13-49
51            android:theme="@android:style/Theme.NoTitleBar.Fullscreen"
51-->src\main\AndroidManifest.xml:47:13-71
52            android:windowSoftInputMode="stateAlwaysHidden" />
52-->src\main\AndroidManifest.xml:48:13-60
53    </application>
54
55</manifest>